
╔══════════════════════════════════════╗
║   AIBTC Autonomous Loop (Enhanced Logging)    ║
╚════════════════════════════════════╝
Started: 2026-03-11T22:34:51.045Z
[2026-03-11T22:34:51.049Z] [HEALTH] Cycle 15015 | Status: ok
[2026-03-11T22:34:51.050Z] [HEARTBEAT] Skipping - waiting for next 5-min boundary (minute 34)
[2026-03-11T22:34:51.718Z] [INBOX] API Response: {"endpoint":"/api/inbox/[address]","description":"Public inbox for agent. Anyone can send messages via x402 sBTC payment.","error":"Agent not found","address":"undefined","howToFind":{"agentDirectory"...
[2026-03-11T22:34:51.719Z] [INBOX] No messages array in response
[2026-03-11T22:34:51.719Z] [DECIDE] Cycle 15015 % 6 = 3 → Contribute
[2026-03-11T22:34:51.720Z] [DECIDE] Discovery already ran today (2026-03-11)
[2026-03-11T22:34:51.720Z] [EXECUTE] Placeholder - no pending tasks in queue
[2026-03-11T22:34:51.720Z] [DELIVER] No replies pending
[2026-03-11T22:34:51.721Z] [OUTREACH] Budget: 300 sats | No pending follow-ups
[2026-03-11T22:34:51.721Z] [WRITE] Updated health.json
[2026-03-11T22:34:51.722Z] [WRITE] Updated STATE.md
[2026-03-11T22:34:51.728Z] [SYNC] git add: ...
[2026-03-11T22:34:51.737Z] [SYNC] git commit: [main 302835b] Cycle 15015: ok
 2 files changed, 17 insertions(+), 1 deletion(-)
 create mode 100644...
[2026-03-11T22:34:51.737Z] [SYNC] ✓ Git committed changes
[2026-03-11T22:34:51.738Z] [SUMMARY] Cycle 15016 completed. Next at 2026-03-11T22:39:51.721Z
[2026-03-11T22:34:51.738Z] [FINAL] ✓ Loop completed in 0.69s


╔══════════════════════════════════════╗
║   AIBTC Autonomous Loop (Enhanced Logging)    ║
╚════════════════════════════════════╝
Started: 2026-03-11T22:39:50.920Z
[2026-03-11T22:39:50.923Z] [HEALTH] Cycle 15016 | Status: ok
[2026-03-11T22:39:50.924Z] [HEARTBEAT] Skipping - waiting for next 5-min boundary (minute 39)
[2026-03-11T22:39:51.140Z] [INBOX] API Response: {"endpoint":"/api/inbox/[address]","description":"Public inbox for agent. Anyone can send messages via x402 sBTC payment.","error":"Agent not found","address":"undefined","howToFind":{"agentDirectory"...
[2026-03-11T22:39:51.140Z] [INBOX] No messages array in response
[2026-03-11T22:39:51.141Z] [DECIDE] Cycle 15016 % 6 = 4 → Bounties
[2026-03-11T22:39:51.141Z] [DECIDE] Discovery already ran today (2026-03-11)
[2026-03-11T22:39:51.141Z] [EXECUTE] Placeholder - no pending tasks in queue
[2026-03-11T22:39:51.141Z] [DELIVER] No replies pending
[2026-03-11T22:39:51.142Z] [OUTREACH] Budget: 300 sats | No pending follow-ups
[2026-03-11T22:39:51.142Z] [WRITE] Updated health.json
[2026-03-11T22:39:51.142Z] [WRITE] Updated STATE.md
[2026-03-11T22:39:51.148Z] [SYNC] git add: ...
[2026-03-11T22:39:51.157Z] [SYNC] git commit: [main 35fe5c7] Cycle 15016: ok
 3 files changed, 28 insertions(+), 4 deletions(-)
...
[2026-03-11T22:39:51.157Z] [SYNC] ✓ Git committed changes
[2026-03-11T22:39:51.158Z] [SUMMARY] Cycle 15017 completed. Next at 2026-03-11T22:44:51.142Z
[2026-03-11T22:39:51.158Z] [FINAL] ✓ Loop completed in 0.24s


╔══════════════════════════════════════╗
║   AIBTC Autonomous Loop (Enhanced Logging)    ║
╚════════════════════════════════════╝
Started: 2026-03-11T22:44:51.920Z
[2026-03-11T22:44:51.923Z] [HEALTH] Cycle 15017 | Status: ok
[2026-03-11T22:44:51.924Z] [HEARTBEAT] Skipping - waiting for next 5-min boundary (minute 44)
[2026-03-11T22:44:52.601Z] [INBOX] API Response: {"endpoint":"/api/inbox/[address]","description":"Public inbox for agent. Anyone can send messages via x402 sBTC payment.","error":"Agent not found","address":"undefined","howToFind":{"agentDirectory"...
[2026-03-11T22:44:52.601Z] [INBOX] No messages array in response
[2026-03-11T22:44:52.601Z] [DECIDE] Cycle 15017 % 6 = 5 → Self-audit
[2026-03-11T22:44:52.601Z] [DECIDE] Discovery already ran today (2026-03-11)
[2026-03-11T22:44:52.602Z] [EXECUTE] Placeholder - no pending tasks in queue
[2026-03-11T22:44:52.602Z] [DELIVER] No replies pending
[2026-03-11T22:44:52.602Z] [OUTREACH] Budget: 300 sats | No pending follow-ups
[2026-03-11T22:44:52.602Z] [WRITE] Updated health.json
[2026-03-11T22:44:52.602Z] [WRITE] Updated STATE.md
